[    0.000000] Linux version 4.15.0-66-generic (buildd@lgw01-amd64-044) (gcc version 7.4.0 (Ubuntu 7.4.0-1ubuntu1~18.04.1)) #75-Ubuntu SMP Tue Oct 1 05:24:09 UTC 2019 (Ubuntu 4.15.0-66.75-generic 4.15.18)
[    0.000000] Command line: BOOT_IMAGE=/boot/vmlinuz-4.15.0-66-generic root=LABEL=cloudimg-rootfs ro console=tty1 console=ttyS0
[    0.000000] KERNEL supported cpus:
[    0.000000]   Intel GenuineIntel
[    0.000000]   AMD AuthenticAMD
[    0.000000]   Centaur CentaurHauls
[    0.000000] x86/fpu: Supporting XSAVE feature 0x001: 'x87 floating point registers'
[    0.000000] x86/fpu: Supporting XSAVE feature 0x002: 'SSE registers'
[    0.000000] x86/fpu: Supporting XSAVE feature 0x004: 'AVX registers'
[    0.000000] x86/fpu: xstate_offset[2]:  576, xstate_sizes[2]:  256
[    0.000000] x86/fpu: Enabled xstate features 0x7, context size is 832 bytes, using 'standard' format.
[    0.000000] e820: BIOS-provided pyscal RAM map:
[    0.000000] BIOS-e820: [mem 0x0000000000000000-0x000000000009fbff] usable
[    0.000000] BIOS-e820: [mem 0x000000000009fc00-0x00000000009ffff] reserved
[    0.000000] BIOS-e820: [mem 0x000000000f0000-0x00000000000fffff] reserved
[    0.000000] BIOS-e820: [mem 0x0000000000100000-0x000000003ffeffff] usable
[    0.000000] BIOS-e820: [mem 0x000000003fff0000-0x000000003fffffff] ACPI data
[    0.000000] BIOS-e820: [mem 0x00000000fec00000-0x00000000fec00fff] reserved
[    0.000000] BIOS-e820: [mem 0x00000000fee00000-0x00000000fee00fff] reserved
[    0.000000] BIOS-e820: [mem 0x00000000fffc0000-0x00000000ffffffff] reserved
[    0.000000] NX (Execute Disable) protection: active
[    0.000000] SMBIOS 2.5 present.
[    0.000000] DMI: innotek GmbH VirtualBox/VirtualBox, BIOS VirtualBox 12/01/2006
[    0.000000] Hypervisor detected: KVM
[    0.000000] e820: last_pfn = 0x3fff0 max_arch_pfn = 0x400000000
[    0.000000] MTRR: Disabled
[    0.000000] x86/PAT: MTRRs disabled, skipping PAT initialization too.
[    0.000000] CPU MTRRs all blank - virtualized system.
[    0.000000] x86/PAT: Configuration [0-7]: WB  WT  UC- UC  WB  WT  UC- UC  
[    0.000000] found SMP MP-table at [mem 0x000fff0-0x0009ffff]
[    0.000000] Scanning 1 areas for low memory corruption
[    0.000000] RAMDISK: [mem 0x35a89000-0x36d3bfff]
[    0.00000] ACPI: Early table checksum verification disabled
[    0.000000] ACPI: RSDP 0x00000000000E0000 000024 (v02 VBOX  )
[    0.000000] ACPI: XSDT 0x000000003FFF0030 00003C (v01 VBOX   VBOXXSDT 00000001 ASL  00000061)
[    0.000000] ACPI: FACP 0x000000003FFF00F0 0000F4 (v04 VBOX   VBOXFACP 00000001 ASL  00000061)
[    0.000000] ACPI: DSDT 0x000000003FFF0470 0021FF (v02 VBOX   VBOXBIOS 00000002 INTL 20180105)
[    0.000000] ACPI: FACS 0x000000003FFF0200 000040
[    0.000000] ACPI: FACS 0x000000003FFF0200 000040
[    0.000000] ACPI: APIC 0x000000003FFF0240 00005C (v02 VBOX   VBOXAPIC 00000001 ASL  00000061)
[    0.000000] ACPI: SSDT 0x000000003FFF02A0 0001CC (v01 VBOX   VBOXCPUT 00000002 INTL 20180105)
[    0.000000] No NUMA configuration found
[    0.000000] Faking a node at [mem 0x0000000000000000-0x000000003ffeffff]
[    0.000000] NODE_DATA(0) allocated [mem 0x3ffc5000-0x3ffeffff]
[    0.000000] kvm-clock: cpu 0, msr 0:3ff44001, primary cpu clock
[    0.000000] kvm-clock: Using msrs 4b564d01 and 4b564d00
[    0.000000] kvm-clock: using sched offset of 3586440580 cycles
[    0.000000] clocksource: kvm-clock: mask: 0xffffffffffffffff max_cycles: 0x1cd42e4dffb, max_idle_ns: 881590591483 ns
[    0.000000] Zone ranges:
[    0.000000]   DMA      [mem 0x0000000000001000-0x0000000000ffffff]
[    0.000000]   DMA32    [mem 0x0000000001000000-0x000000003ffeffff]
[    0.000000]   Normal   empty
[    0.000000]   Device   empty
[    0.000000] Movable zone start for each node
[    0.000000] Early memory node ranges
[    0.000000]   node   : [mem 0x0000000000001000-0x000000000009efff]
[    0.000000]   node   0: [mem 0x0000000000100000-0x000000003ffeffff]
[  0.000000] Reserved but unavailable: 98 pages
[    0.000000] Initmem setup node 0 [mem 0x0000000000001000-0x000000003ffeffff]
[    0.000000] ACPI: PM-Timer IO Port: 0x4008
[    0.000000] IOAPIC[0]: apic_id 2, version 32, address 0xfec00000, GSI 0-23
    0.000000] ACPI: NT_SRC_OVR (bus 0 bus_irq 0 global_irq 2 dfl dfl)
[    0.000000] ACPI: INT_SRC_OVR (bus 0 bus_irq 9 global_irq 9 low level)
[    0.000000] Using ACPI (MADT) for SMP configuration information
[    0.000000] smpboot: Allowing 2 CPUs, 0 hotplug CPUs
[    0.000000] PM: Registered nosave memory: [mem 0x00000000-0x00000fff]
[    0.000000] PM: Registered nosave memory: [mem 0x0009f000-0x0009ffff]
[    0.000000] PM: Registered nosave memry: [mem 0x000a0000-0x000effff]
[    0.000000] PM: Registered nosave mery: [mem 0x000f0000-0x000fffff]
[    0.000000] e820: [mem 0x40000000-0xfebfffff] availabe for PCI devices
[    0.000000] Booting paravirtualized kernel on KVM
[    0.000000] clocksource: refined-jiffies: mask: 0xffffffff max_cycles: 0xffffffff, max_idle_ns: 7645519600211568 ns
[    0.000000] random: get_random_bytes called from start_kernel+0x99/0x4fd with crng_init=0
[    0.000000] setup_percpu: NR_CPUS:8192 nr_cpumask_bits:2 nr_cpu_ids:2 nr_node_ids:1
[    0.000000] percpu: Embedded 46 pages/cpu s151552 r8192 d28672 u1048576
[    0.000000] PV qspinlock hash table entries: 256 (order: 0, 4096 bytes)
[    0.000000] Built 1 zonelists, mobility grouping on.  Total pages: 257913
[    0.000000] Policy zone: DMA32
[    0.000000] Kernel command line: BOOT_IMAGE=/boot/vmlinuz-4.15.0-66-generic root=LABEL=cloudimg-rootfs ro console=tty1 console=ttyS0
[    0.000000] Memory: 983432K/1048120K available (12300K kernel code, 2481K rwdata, 4260K rodata, 2436K init, 2388K bss, 64688K reserved, 0K c-reserved)
[    0.000000] SLUB: HWalign=64, Order=0-3, MinObjects=0, CPUs=2, Nodes=1
[    0.000000] Kernel/User page tables isolation: enabled
[    0.000000] ftrace: allocating 39306 entries in 154 pages
[    0.004000] Hierarchical RCU implementation.
[    0.004000] 	RCU restricting CPUs from NR_CPUS=8192 to nr_cpu_ids=2.
[    0.004000] 	Tasks RCU enabled.
[    0.004000] RCU: Adjusting geometry for rcu_fanout_leaf=16, nr_cpu_ids=2
[    0.004000] NR_IRQS: 524544, nr_irqs: 440, preallocated irqs: 16
[    0.004000] Console: colour VGA+ 80x25
[    0.004000] console [tty1] enabled
[    0.004000] console [ttyS0] enabled
[    0.004000] ACPI: Core revision 20170831
[    0.004000] ACPI: 2 ACPI AML tables successfully acquired and loaded
[    0.004000] APIC: Switch to symmetric I/O mode setup
[    0.004202] x2apic enabled
[    0.008004] Switched APIC routing to physical x2apic.
[    0.016723] ..TIMER: vector=0x30 apic1=0 pin1=2 apic2=-1 pin2=-1
[    0.020002] tsc: Detected 3192.000 MHz processor
[    0.024012] Calibrating delay loop (skipped) preset value.. 6384.00 BogoMIPS (lpj=12768000)
[    0.028003] pid_max: default: 32768 minimum: 301
[    0.032039] Security Framework initialized
[    0.032611] Yama: becoming mindful.
[    0.033114] AppArmor: AppArmor initialized
[    0.034149] Dentry cache hash table entries: 131072 (order: 8, 1048576 bytes)
[    0.035106] Inode-cache hash table entries: 65536 (order: 7, 524288 bytes)
[    0.036010] Mount-cache hash table entries: 2048 (order: 2, 16384 bytes)
[    0.036854] Mountpoint-cache hash table entries: 2048 (order: 2, 16384 bytes)
[    0.040229] Last level iTLB entries: 4KB 128, 2MB 8, 4MB 8
[    0.044002] Last level dTLB entries: 4KB 64, 2MB 0, 4MB 0, 1GB 4
[    0.048002] Spectre V1 : Mitigation: usercopy/swapgs barriers and __user pointer sanitization
[    0.052003] Spectre V2 : Mitigation: Full generic retpoline
[    0.052709] Spectre V2 : Spectre v2 / SpectreRSB mitigation: Filling RSB on context switch
[    0.056003] Speculative Store Bypass: Vulnerable
[    0.057737] MDS: Mitigation: Clear CPU buffers
[    0.060139] Freeing SMP alternatives memory: 36K
[    0.171323] smpboot: CPU0: Intel(R) Core(TM) i5-6500 CPU @ 3.20GHz (family: 0x6, model: 0x5e, stepping: 0x3)
[    0.172079] Performance Events: unsupported p6 CPU model 94 no PMU driver, software events only.
[    0.176049] Hierarchical SRCU implementation.
[    0.180518] NMI watchdog: Perf event create on CPU 0 failed with -2
[    0.184004] NMI watchdog: Perf NMI watchdog permanently disabled
[    0.188065] smp: Bringing up secondary CPUs ...
[    0.188775] x86: Booting SMP configuration:
[    0.192004] .... node  #0, CPUs:      #1
[    0.004000] kvm-clock: cpu 1, msr 0:3ff44041, secondary cpu clock
[    0.410142] smp: Brought up 1 node, 2 CPUs
[    0.412008] smpboot: Max logical packages: 1
[    0.416007] smpboot: Total of 2 processors activated (12768.00 BogoMIPS)
[    0.416979] devtmpfs: initialized
[    0.416979] x86/mm: Memory block size: 128MB
[    0.420121] evm: security.selinux
[    0.423519] evm: security.SMACK64
[    0.424004] evm: security.SMACK64EXEC
[    0.428002] evm: security.SMACK64TRANSMUTE
[    0.428524] evm: security.SMACK64MMAP
[    0.432001] evm: security.apparmor
[    0.432481] evm: security.ima
[    0.432870] evm: security.capability
[    0.433369] clocksource: jiffies: mask: 0xffffffff max_cycles: 0xffffffff, max_idle_ns: 7645041785100000 ns
[    0.433369] futex hash table entries: 512 (order: 3, 32768 bytes)
[    0.436380] pinctrl core: initialized pinctrl subsystem
[    0.437129] RTC time: 20:39:09, date: 11/07/19
[    0.437893] NET: Registered protocol family 16
[    0.438508] audit: initializing netlink subsys (disabled)
[    0.439227] audit: type=2000 audit(1573159143.107:1): state=initialized audit_enabled=0 res=1
[    0.480011] cpuidle: using governor ladder
[    0.484011] cpuidle: using governor menu
[    0.485695] ACPI: bus type PCI registered
[    0.487307] acpiphp: ACPI Hot Plug PCI Controller Driver version: 0.5
[    0.488086] PCI: Using configuration type 1 for base access
[    0.488844] HugeTLB registered 2.00 MiB page size, pre-allocated 0 pages
[    0.488928] ACPI: Added _OSI(Module Device)
[    0.492004] ACPI: Added _OSI(Processor Device)
[    0.492574] ACPI: Added _OSI(3.0 _SCP Extensions)
[    0.493210] ACPI: Added _OSI(Processor Aggregator Device)
[    0.493915] ACPI: Added _OSI(Linux-Dell-Video)
[    0.494484] ACPI: Added _OSI(Linux-Lenovo-NV-HDMI-Audio)
[    0.495147] ACPI: Added _OSI(Linux-HPI-Hybrid-Graphics)
[    0.496236] ACPI: Executed 1 blocks of module-level executable AML code
[    0.502776] ACPI: Interpreter enabled
[    0.504017] ACPI: (supports S0 S5)
[    0.508002] ACPI: Using IOAPIC for interrupt routing
[    0.512266] PCI: Using host bridge windows from ACPI; if necessary, use "pci=nocrs" and report a bug
[    0.516163] ACPI: Enabled 2 GPEs in block 00 to 07
[    0.521525] ACPI: PCI Root Bridge [PCI0] (domain 0000 [bus 00-ff])
[    0.524007] acpi PNP0A03:00: _OSC: OS supports [ASPM ClockPM Segments MSI]
[    0.524914] acpi PNP0A03:00: _OSC: not requesting OS control; OS requires [ExtendedConfig ASPM ClockPM MSI]
[    0.528020] acpi PNP0A03:00: fail to add MMCONFIG information, can't access extended PCI configuration space under this bridge.
[    0.529789] PCI host bridge to bus 0000:00
[    0.530347] pci_bus 0000:00: root bus resource [io  0x0000-0x0cf7 window]
[    0.532002] pci_bus 0000:00: root bus resource [io  0x0d00-0xffff window]
[    0.532842] pci_bus 0000:00: root bus resource [mem 0x000a0000-0x000bffff window]
[    0.536006] pci_bus 0000:00: root bus resource [mem 0x40000000-0xfdffffff window]
[    0.540007] pci_bus 0000:00: root bus resource [bus 00-ff]
[    0.545435] pci 0000:00:01.1: legacy IDE quirk: reg 0x10: [io  0x01f0-0x01f7]
[    0.548003] pci 0000:00:01.1: legacy IDE quirk: reg 0x14: [io  0x03f6]
[    0.552003] pci 0000:00:01.1: legacy IDE quirk: reg 0x18: [io  0x0170-0x0177]
[    0.556006] pci 0000:00:01.1: legacy IDE quirk: reg 0x1c: [io  0x0376]
[    0.574083] pci 0000:00:07.0: quirk: [io  0x4000-0x403f] claimed by PIIX4 ACPI
[    0.576029] pci 0000:00:07.0: quirk: [io  0x4100-0x410f] claimed by PIIX4 SMB
[    0.584896] ACPI: PCI Interrupt Link [LNKA] (IRQs 5 9 10 *11)
[    0.588269] ACPI: PCI Interrupt Link [LNKB] (IRQs 5 9 *10 11)
[    0.592092] ACPI: PCI Interrupt Link [LNKC] (IRQs 5 *9 10 11)
[    0.596093] ACPI: PCI Interrupt Link [LNKD] (IRQs 5 9 10 *11)
[    0.601039] SCSI subsystem initialized
[    0.601660] pci 0000:00:02.0: vgaarb: setting as boot VGA device
[    0.604000] pci 0000:00:02.0: vgaarb: VGA device added: decodes=io+mem,owns=io+mem,locks=none
[    0.604008] pci 0000:00:02.0: vgaarb: bridge control possible
[    0.608005] vgaarb: loaded
[    0.612046] ACPI: bus type USB registered
[    0.616042] usbcore: registered new interface driver usbfs
[    0.620013] usbcore: registered new interface driver hub
[    0.624023] usbcore: registered new device driver usb
[    0.628071] EDAC MC: Ver: 3.0.0
[    0.632165] PCI: Using ACPI for IRQ routing
[    0.636232] NetLabel: Initializing
[    0.640004] NetLabel:  domain hash size = 128
[    0.644004] NetLabel:  protocols = UNLABELED CIPSOv4 CALIPSO
[    0.648024] NetLabel:  unlabeled traffic allowed by default
[    0.656079] clocksource: Switched to clocksource kvm-clock
[    0.665887] VFS: Disk quotas dquot_6.6.0
[    0.937264] VFS: Dquot-cache hash table entries: 512 (order 0, 4096 bytes)
[    1.557445] AppArmor: AppArmor Filesystem Enabled
[    1.707529] pnp: PnP ACPI init
[    1.718028] pnp: PnP ACPI: found 3 devices
[   11.723899] clocksource: acpi_pm: mask: 0xffffff max_cycles: 0xffffff, max_idle_ns: 2085701024 ns
[    2.397506] NET: Registered protocol family 2
[    2.767369] TCP established hash table entries: 8192 (order: 4, 65536 bytes)
[    2.787546] TCP bind hash table entries: 8192 (order: 5, 131072 bytes)
[    2.788722] TCP: Hash tables configured (established 8192 bind 8192)
[    2.789586] UDP hash table entries: 512 (order: 2, 16384 bytes)
[    2.790298] UDP-Lite hash table entries: 512 (order: 2, 16384 bytes)
[    2.791146] NET: Registered protocol family 1
[    2.791730] pci 0000:00:00.0: Limiting direct PCI/PCI transfers
[    2.792535] pci 0000:00:01.0  Activating ISA DMA hang workarounds
[    3.317349] pci 0000:00:02.0: Video devic  with shadowed ROM at [mem 0x000c0000-0x000dffff]
[    3.857519] Unpacking initramfs...
[    4.097315] Freeing initrd memory: 19148K
[    4.267390] clocksource: tsc: mask: 0xffffffffffffffff max_cycles: 0x2e02c4a121d, max_idle_ns: 440795236083 ns
[    4.567000] platform rtc_cmos: registered platform RTC device (no PNP device found)
[    4.776497] Scanning for low memory corruption every 60 seconds
[    4.886631] Initialise system trusted keyrings
[    4.900334] Key type blacklist registered
[    4.906242] workingset: timestamp_bits=36 max_order=18 bucket_order=0
[    4.913169] zbud: loaded
[    4.914036] squashfs: version 4.0 (2009/01/31) Phillip Lougher
[    4.914983] fuse init (API version 7.26)
[    4.918051] Key type asymmetric registered
[    4.919458] Asymmetric key parser 'x509' registered
[    4.945151] Block layer SCSI generic (bsg) driver version 0.4 loaded (major 246)
[    5.139149] io scheduler noop registered
[    5.254725] io scheduler deadline registered
[    5.382470] io scheduler cfq registered (default)
[    5.517137] ACPI: AC Adapter [AC] (on-line)
[    5.639690] input: Power Button as /devices/LNXSYSTM:00/LNXPWRBN:00/input/input0
[    5.844410] ACPI: Power Button [PWRF]
[    5.942901] input: Sleep Button as /devices/LNXSYSTM:00/LNXSLPBN:00/input/input1
[    5.967425] ACPI: Sleep Button [SLPF]
[    5.972614] Serial: 8250/16550 driver, 32 ports, IRQ sharing enabled
[    6.046184] 00:02: ttyS0 at I/O 0x3f8 (irq = 4, base_baud = 115200) is a 16550A
[    6.261120] Linux agpgart interface v0.103
[    6.345947] loop: module loaded
[    6.432740] scsi host0: ata_piix
[    6.536712] scsi host1: a_px  6.55] a1PATA max UDM/3cm0x0 l 3fbmma 0xd000 irq 14
[    7.4087]ta: PATA max UDMA/33 c 070tlx3 bmaxd8 q 

[    8.080774] libphy: Fixed MDIO Bus: probed
[    8.081367] tun: Universal TUN/TAP device driver, 1.6
[    8.308936] PPP generic driver version 2.4.2
[    8.432776] ehci_hcd: USB 2.0 'Enhanced' Host Controller (EHCI) Driver
[    8.642900] ehci-pci: EHCI PCI platform driver
[    8.786991] ehci-platform: EHCI gener ptfm ivr

[    9.152044] ohci_hcd: USB 1.1 'Open' Host Controller (OHCI) Drive
[  9129] ohci-pci: OHCI PCI platform driver
[  9528415] ohci-platform: OHCI nec atrmrir  9.63] ci_hcd: USB UniversaHo Ctroller Interface driver
[   10.458635]8042: PNP: PS/2 Controller [PNP0303:PS2K,PNP0f03:PS2M] at 0x60,0x64 irq 1,12
  0.90] ri i42BDport at 0x60,0x64 irq 1

[   11.274558] serio: i8042 AUX port at 0x60,0x64 irq 12
[   11.287705] mousedev: PS/2 mouse device common for all mice
[   11.288932] input: AT Translated Set 2 keyboard as /devices/platform/i8042/serio0/input/input2
[   11.290223] rtc_cmos rtc_cmos: rtc core: registered rtc_cmos as rtc0
[   11.291081] rtc_cmos rtc_cmos: alarms up to one day, 114 bytes nvram
[   11.291883] i2c /dev entries driver
[   11.292479] device-mapper: uevent: version 1.0.3
[   11.293169] device-mapper: ioctl: 4.37.0-ioctl (2017-09-20) initialised: dm-devel@redhat.com
[   11.294361] ledtrig-cpu: registered to indicate activity on CPUs
[   11.295558] NET: Registered protocol family 10
[   11.299543] Segment Routing with IPv6
[   11.300078] NET: Registered protocol family 17
[   11.300721] Key type dns_resolver registered
[   11.301445] mce: Using 0 MCE banks
[   11.301958] RAS: Correctable Errors collector initialized.
[   11.302766] sched_clock: Marking stable (11301425854, 0)->(26360652328, -15059226474)
[   11.304086] registered taskstats version 1
[   11.304654] Loading compiled-in X.509 certificates
[   11.307048] Loaded X.509 cert 'Build time autogenerated kernel key: 01a66adcc10ca4ce7676a3458c33483b0e2b806e'
[   11.308250] zswap: loaded using pool lzo/zbud
[   11.311616] Key type big_key registered
[   11.312141] Key type trusted registered
[   11.314117] Key type encrypted registered
[   11.314696] AppArmor: AppArmor sha1 policy hashing enabled
[   11.315456] ima: No TPM chip found, activating TPM-bypass! (rc=-19)
[   11.316219] ima: Allocated hash algorithm: sha1
[   11.316834] evm: HMAC attrs: 0x1
[   11.317436]   Magic number: 11:810:699
[   11.318027] rtc_cmos rtc_cmos: setting system clock to 2019-11-07 20:39:23 UTC (1573159163)
[   11.319280] BIOS EDD facility v0.16 2004-Jun-25, 0 devices found
[   11.320005] EDD information not available.
[   11.440402] Freeing unused kernel image memory: 2436K
[   11.588367] Write protecting the kernel read-only data: 20480k
[   11.754134] Freeing unused kernel image memory: 2008K
[   11.887735] Freeing unused kernel image memory: 1884K
[   11.912568] x86/mm: Checked W+X mappings: passed, no W+X pages found.
[   13.180720] x86/mm: Checking user space page tables
[   13.417368] x86/mm: Checked W+X mappings: passed, no W+X pages found.
Loading, please wait...
starting version 237
[   13.471109] Fusion MPT base driver 3.04.20
[   13.613003] Copyright (c) 1999-2008 LSI Corporation
[   13.785690] e1000: Intel(R) PRO/1000 Network Driver - version 7.3.21-k8-NAPI
[   13.968976] e1000: Copyright (c) 1999-2006 Intel Corporation.
[   13.975936] AVX2 version of gcm_enc/dec engaged.
[   14.347357] AES CTR mode by8 optimization enabled
[   14.461811] input: ImExPS/2 Generic Explorer Mouse as /devices/platform/i8042/serio1/input/input4
[   14.475325] Fusion MPT SPI Host driver 3.04.20
[   14.800418] e1000 0000:00:03.0 eth0: (PCI:33MHz:32-bit) 02:8e:72:66:23:f8
[   15.387363] e1000 0000:00:03.0 eth0: Intel(R) PRO/1000 Network Connection
[   15.767642] e1000 0000:00:03.0 enp0s3: renamed from eth0
[   15.767648] mptbase: ioc0: Initiating bringup
[   16.349523] ioc0: LSI53C1030 A0: Capabilities={Initiator}
[   17.646683] scsi host2: ioc0: LSI53C1030 A0, FwRev=00000000h, Ports=1, MaxQ=256, IRQ=20
[   18.266875] scsi 2:0:0:0: Direct-Access     VBOX     HARDDISK         1.0  PQ: 0 ANSI: 5
[   19.317491] scsi target2:0:0: Beginning Domain Validation
[   19.618411] scsi target2:0:0: Domain Validation skipping write tests
[   19.619247] scsi target2:0:0: Ending Domain Validation
[   19.619887] scsi target2:0:0: asynchronous
[   19.620625] scsi 2:0:1:0: Direct-Access     VBOX     HARDDISK         1.0  PQ: 0 ANSI: 5
[   20.440473] scsi target2:0:1: Beginning Domain Validation
[   21.169931] random: fast init done
[   21.368080] scsi target2:0:1: Domain Validation skipping write tests
[   21.368912] scsi target2:0:1: Ending Domain Validation
[   21.369562] scsi target2:0:1: asynchronous
[   21.372702] random: systemd-udevd: uninitialized urandom read (16 bytes read)
[   21.373565] random: systemd-udevd: uninitialized urandom read (16 bytes read)
[   21.374498] random: systemd-udevd: uninitialized urandom read (16 bytes read)
[   21.375799] sd 2:0:0:0: Attached scsi generic sg0 type 0
[   21.747560] sd 2:0:0:0: [sda] 20971520 512-byte logical blocks: (10.7 GB/10.0 GiB)
[   21.748815] sd 2:0:0:0: [sda] Write Protect is off
[   21.748877] sd 2:0:1:0: Attached scsi generic sg1 type 0
[   21.967589] sd 2:0:0:0: [sda] Incomplete mode parameter data
[   21.975491] sd 2:0:0:0: [sda] Assuming drive cache: write through
[   21.983253] sd 2:0:1:0: [sdb] 20480 512-byte logical blocks: (10.5 MB/10.0 MiB)
[   22.196662] sd 2:0:1:0: [sdb] Write Protect is off
[   22.438841] sd 2:0:1:0: [sdb] Incomplete mode parameter data
[   22.597639] sd 2:0:1:0: [sdb] Assuming drive cache: write through
[   22.762695]  sda: sda1
[   22.763697] sd 2:0:0:0: [sda] Attached SCSI disk
[   22.786367] sd 2:0:1:0: [sdb] Attached SCSI disk
Begin: Loading essential drivers ... [   24.384078] raid6: sse2x1   gen() 12013 MB/s
[   24.548079] raid6: sse2x1   xor()  8688 MB/s
[   24.720079] raid6: sse2x2   gen() 14946 MB/s
[   24.884067] raid6: sse2x2   xor()  9987 MB/s
[   25.048090] raid6: sse2x4   gen() 17103 MB/s
[   25.208101] raid6: sse2x4   xor() 10148 MB/s
[   25.364064] raid6: avx2x1   gen() 23834 MB/s
[   25.536065] raid6: avx2x1   xor() 16767 MB/s
[   25.708067] raid6: avx2x2   gen() 30178 MB/s
[   25.876056] raid6: avx2x2   xor() 18276 MB/s
[   26.048064] raid6: avx2x4   gen() 33203 MB/s
[   26.216076] raid6: avx2x4   xor() 19440 MB/s
[   26.232337] raid6: using algorithm avx2x4 gen() 33203 MB/s
[   26.252497] raid6: .... xor() 19440 MB/s, rmw enabled
[   26.253131] raid6: using avx2x2 recovery algorithm
[   26.254918] xor: automatically using best checksumming function   avx       
[   26.256987] async_tx: api initialized (async)
done.
Begin: Running /scripts/init-premount ... done.
Begin: Mounting root file system ... Begin: Run[   26.295973] Btrfs loaded, crc32c=crc32c-intel
ning /scripts/local-top ... done.
Begin: Running /scripts/local-premount ... Scanning for Btrfs filesystems
do[   26.735067] EXT4-fs (sda1): mounted filesystem with ordered data mode. Opts: (null)
ne.
Warning: fsck not present, so skipping root file system
done.
Begin: Running /scripts/local-bottom ... done.
Begin: Running /scripts/init-bottom ... done.
[   27.463705] ip_tables: (C) 2000-2006 Netfilter Core Team
[   27.747162] systemd[1]: systemd 237 running in system mode. (+PAM +AUDIT +SELINUX +IMA +APPARMOR +SMACK +SYSVINIT +UTMP +LIBCRYPTSETUP +GCRYPT +GNUTLS +ACL +XZ +LZ4 +SECCOMP +BLKID +ELFUTILS +KMOD -IDN2 +IDN -PCRE2 default-hierarchy=hybrid)
[   28.499239] systemd[1]: Detected virtualization oracle.
[   28.672341] systemd[1]: Detected architecture x86-64.

Welcome to [1mUbuntu 18.04.3 LTS[0m!

[   28.876749] systemd[1]: Set hostname to <ubuntu>.
[   29.481202] systemd[1]: Initializing machine ID from random generator.
[   30.408682] systemd[1]: Installed transient /etc/machine-id file.
[   31.051681] random: crng init done
[   31.297323] random: 7 urandom warning(s) missed due to ratelimiting
[   31.829098] systemd[1]: Set up automount Arbitrary Executable File Formats File System Automount Point.
[[0;32m  OK  [0m] Set up automount Arbitrary Executab…rmats File System Automount Point.
[   33.096456] systemd[1]: Reached target Swap.
[[0;32m  OK  [0m] Reached target Swap.
[   33.548388] systemd[1]: Started Forward Password Requests to Wall Directory Watch.
[[0;32m  OK  [0m] Started Forward Password Requests to Wall Directory Watch.
[   33.776586] systemd[1]: Reached target System Time Synchronized.
[[0;32m  OK  [0m] Reached target System Time Synchronized.
[   34.853091] systemd[1]: Created slice System Slice.
[[0;32m  OK  [0m] Created slice System Slice.
[   35.535130] systemd[1]: Listening on Journal Socket (/dev/log).
[[0;32m  OK  [0m] Listening on Journal Socket (/dev/log).
[   36.616826] systemd[1]: Listening on Journal Audit Socket.
[[0;32m  OK  [0m] Listening on Journal Audit Socket.
[   36.619973] systemd[1]: Listening on LVM2 metadata daemon socket.
[[0;32m  OK  [0m] Listening on LVM2 metadata daemon socket.
[   36.621775] systemd[1]: Listening on Device-mapper event daemon FIFOs.
[[0;32m  OK  [0m] Listening on Device-mapper event daemon FIFOs.
[   36.623624] systemd[1]: Listening on Network Service Netlink Socket.
[[0;32m  OK  [0m] Listening on Network Service Netlink Socket.
[   36.625401] systemd[1]: Listening on LVM2 poll daemon socket.
[[0;32m  OK  [0m] Listening on LVM2 poll daemon socket.
[[0;32m  OK  [0m] Listening on Journal Socket.
         Starting Remount Root and Kernel File Systems...
         Starting Monitoring of LVM2 mirrors…ng dmeventd or progress polling...
         Mounting Kernel Debug File System...
         Starting Set the console keyboar[   36.911629] EXT4-fs (sda1): re-mounted. Opts: (null)
d layout...
         Starting Load Kernel Modules...
         Mounting Huge Pages File System...
         Mounting POSIX Message Queue File System...
[[0;32m  OK  [0m] Created slice User and Session Slice.
[[0;32m  OK  [0m] Reached target Slices.
         Starting Create list of required st…ce nodes for the current kernel...
[[0;32m  OK  [0m] Created slice system-serial\x2dgetty.slice.
[[0;32m  OK  [0m] Listening on /dev/initctl Compatibility Named Pipe.
[[0;32m  OK  [0m] Reached target User and Group Name Lookups.
[[0;32m  OK  [0m] Listening on udev Kernel Socket.
         Starting Uncomplicated firewall...
[   37.209444] Loading iSCSI transport class v2.0-870.
[[0;32m  OK  [0m] Listening on [   37.603647] iscsi: registered transport (tcp)
Syslog Socket.
         Starting Journal Service...
[[0;32m  OK  [0m] Listening on udev Control Socket.
         Starting udev Coldplug all Devices...
[[0;32m  OK  [0m] Started Remount Root and Kernel File Systems.
[[0;32m  OK  [0[   37.757950] iscsi: registered transport (iser)
m] Started Journal Service.
[[0;32m  OK  [0m] Mounted Kernel Debug File System.
[[0;32m  OK  [0m] Started Load Kernel Modules.
[[0;32m  OK  [0m] Mounted Huge Pages File System.
[[0;32m  OK  [0m] Mounted POSIX Message Queue File System.
[[0;32m  OK  [0m] Started Create list of required sta…vice nodes for the current kernel.
[[0;32m  OK  [0m] Started Uncomplicated firewall.
[[0;32m  OK  [0m] Started LVM2 metadata daemon.
         Starting Create Static Device Nodes in /dev...
         Mounting FUSE Control File System...
         Mounting Kernel Configuration File System...
         Starting Apply Kernel Variables...
         Starting Flush Journal to Persistent Storage...
         Starting Load/Save Random Seed...
[[0;32m  OK  [0m] Started Monitoring of LVM2 mirrors,…sing dmeventd or progress polling.
[[0;32m  OK  [0m] Started udev Coldplug all Devices.
[[0;32m  OK  [0m] Mounted FUSE Control File System.
[[0;32m  OK  [0m] Mounted Kernel Configuration File System.
[[0;32m  OK  [0m] Started Apply Kernel Variables.
[[0;32m  OK  [0m] Started Load/Save Random Seed.
[[0;32m  OK  [0m] Started Create Static Device Nodes in /dev.
         Starting udev Kernel Device Manager...
[[0;32m  OK  [0m] Started udev Kernel Device Manager.
[[0;32m  OK  [0m] Started Flush Journal to Persistent Storage.
[[0;32m  OK  [0m] Found device /dev/ttyS0.
[[0;32m  OK  [0m] Listening on Load/Save RF Kill Switch Status /dev/rfkill Watch.
[[0;32m  OK  [0m] Started Set the console keyboard layout.
[[0;32m  OK  [0m] Started Dispatch Password Requests to Console Directory Watch.
[[0;32m  OK  [0m] Reached target Local Encrypted Volumes.
[[0;32m  OK  [0m] Reached target Local File Systems (Pre).
[[0;32m  OK  [0m] Reached target Local File Systems.
         Starting ebtables ruleset management...
         Starting AppArmor initialization...
         Starting Create Volatile Files and Directories...
         Starting Set console font and keymap...
         Starting Commit a transient machine-id on disk...
         Starting Tell Plymouth To Write Out Runtime Data...
[[0;32m  OK  [0m] Started Create Volatile Files and Directories.
[[0;32m  OK  [0m] Started Set console font and keymap.
[[0;32m  OK  [0m] Started Tell Plymouth To Write Out Runtime Data.
[[0;32m  OK  [0m] Started Commit a transient machine-id on disk.
         Starting Update UTMP about System Boot/Shutdown...
[[0;32m  OK  [0m] Started ebtables ruleset management.
[[0;32m  OK  [0m] Started Update UTMP about System Boot/Shutdown.
[[0;32m  OK  [0m] Started AppArmor initialization.
         Starting Initial cloud-init job (pre-networking)...
[   42.072454] cloud-init[692]: Cloud-init v. 19.2-36-g059d049c-0ubuntu2~18.04.1 running 'init-local' at Thu, 07 Nov 2019 20:39:53 +0000. Up 41.55 seconds.
[[0;32m  OK  [0m] Started Initial cloud-init job (pre-networking).
[[0;32m  OK  [0m] Reached target Network (Pre).
         Starting Network Service...
[[0;32m  OK  [0m] Started Network Service.
         Starting Network Name Resolution...
         Starting Wait for Network to be Configured...
[[0;32m  OK  [0m] Started Network Name Resolution.
[[0;32m  OK  [0m] Reached target Host and Network Name Lookups.
[[0;32m  OK  [0m] Reached target Network.
[[0;32m  OK  [0m] Started Wait for Network to be Configured.
         Starting Initial cloud-init job (metadata service crawler)...
[   44.698331] cloud-init[810]: Cloud-init v. 19.2-36-g059d049c-0ubuntu2~18.04.1 running 'init' at Thu, 07 Nov 2019 20:39:56 +0000. Up 44.55 seconds.
[   44.710770] cloud-init[810]: ci-info: ++++++++++++++++++++++++++++++++++++++Net device info++++++++++++++++++++++++++++++++++++++
[   44.712216] cloud-init[810]: ci-info: +--------+------+----------------------------+---------------+--------+-------------------+
[   44.713580] cloud-init[810]: ci-info: | Device |  Up  |          Address           |      Mask     | Scope  |     Hw-Address    |
[   44.715786] cloud-init[810]: ci-info: +--------+------+----------------------------+---------------+--------+-------------------+
[   44.717204] cloud-init[810]: ci-info: | enp0s3 | True |         10.0.2.15          | 255.255.255.0 | global | 02:8e:72:66:23:f8 |
[   44.718534] cloud-init[810]: ci-info: | enp0s3 | True | fe80::8e:72ff:fe66:23f8/64 |       .       |  link  | 02:8e:72:66:23:f8 |
[   44.719883] cloud-init[810]: ci-info: |   lo   | True |         127.0.0.1          |   255.0.0.0   |  host  |         .         |
[   44.756882] cloud-init[810]: ci-info: |   lo   | True |          ::1/128           |       .       |  host  |         .         |
[   44.764378] cloud-init[810]: ci-info: +--------+------+----------------------------+---------------+--------+-------------------+
[   44.770474] cloud-init[810]: ci-info: ++++++++++++++++++++++++++++Route IPv4 info+++++++++++++++++++++++++++++
[   44.772026] cloud-init[810]: ci-info: +-------+-------------+----------+-----------------+-----------+-------+
[   44.774638] cloud-init[810]: ci-info: | Route | Destination | Gateway  |     Genmask     | Interface | Flags |
[   44.776048] cloud-init[810]: ci-info: +-------+-------------+----------+-----------------+-----------+-------+
[   44.777463] cloud-init[810]: ci-info: |   0   |   0.0.0.0   | 10.0.2.2 |     0.0.0.0     |   enp0s3  |   UG  |
[   44.796149] cloud-init[810]: ci-info: |   1   |   10.0.2.0  | 0.0.0.0  |  255.255.255.0  |   enp0s3  |   U   |
[   44.803199] cloud-init[810]: ci-info: |   2   |   10.0.2.2  | 0.0.0.0  | 255.255.255.255 |   enp0s3  |   UH  |
[   44.804272] cloud-init[810]: ci-info: +-------+-------------+----------+-----------------+-----------+-------+
[   44.805306] cloud-init[810]: ci-info: +++++++++++++++++++Route IPv6 info+++++++++++++++++++
[   44.806167] cloud-init[810]: ci-info: +-------+-------------+---------+-----------+-------+
[   44.848178] cloud-init[810]: ci-info: | Route | Destination | Gateway | Interface | Flags |
[   44.849128] cloud-init[810]: ci-info: +-------+-------------+---------+-----------+-------+
[   44.872203] cloud-init[810]: ci-info: |   1   |  fe80::/64  |    ::   |   enp0s3  |   U   |
[   44.878699] cloud-init[810]: ci-info: |   3   |    local    |    ::   |   enp0s3  |   U   |
[   44.885154] cloud-init[810]: ci-info: |   4   |   ff00::/8  |    ::   |   enp0s3  |   U   |
[   44.936224] cloud-init[810]: ci-info: +-------+-------------+---------+-----------+-------+
[   45.661348] cloud-init[810]: Generating public/private rsa key pair.
[[0;32m  OK  [0m[   45.710939] cloud-init[810]: Your identification has been saved in /etc/ssh/ssh_host_rsa_key.
[   45.711111] cloud-init[810]: Your public key has been saved in /etc/ssh/ssh_host_rsa_key.pub.
[   45.711375] cloud-init[810]: The key fingerprint is:
] Started Initial cloud-init job (metadata service crawler).
[   45.711542] cloud-init[810]: SHA256:5J6RQQlPAYptyhiaiF+ZcNRB1tIhM/oseqJti8nWQQU root@ubuntu-bionic
[   45.768017] cloud-init[810]: The key's randomart image is:
[   45.768740] cloud-init[810]: +---[RSA 2048]----+
[[   45.804224] cloud-init[810]: |   EooX*=+       |
[   45.804368] cloud-init[810]: |   + =oB+        |
[0;32m  OK  [0m] Reached target System Initialization.
[   45.804510] cloud-init[810]: |. o B  .+        |
[[   45.838997] cloud-init[810]: |+= * = o o       |
[   45.839078] cloud-init[810]: |* + = o S        |
[   45.839342] cloud-init[810]: | . + . . o       |
[   45.839620] cloud-init[810]: |  = o   o        |
[   45.839885] cloud-init[810]: |.*.+             |
[   45.840308] cloud-init[810]: |=oo.             |
[   45.840575] cloud-init[810]: +----[SHA256]-----+
[   45.840847] cloud-init[810]: Generating public/private dsa key pair.
[0;32m  OK  [0m] Listening on UUID daemon activation socket.
[   45.840979] cloud-init[810]: Your identification has been saved in /etc/ssh/ssh_host_dsa_key.
[[   45.867837] cloud-init[810]: Your public key has been saved in /etc/ssh/ssh_host_dsa_key.pub.
[   45.867943] cloud-init[810]: The key fingerprint is:
[   45.868227] cloud-init[810]: SHA256:IxtNhkg/Y8lBlvhMnEmuwqSL0WLNepqnxWsSrPyNKUo root@ubuntu-bionic
[   45.868498] cloud-init[810]: The key's randomart image is:
[   45.868776] cloud-init[810]: +---[DSA 1024]----+
[   45.869063] cloud-init[810]: |    .==+         |
[   45.869356] cloud-init[810]: |   ..**+         |
[   45.869635] cloud-init[810]: |  . .+X o        |
[   45.869912] cloud-init[810]: | =o  oo*         |
[   45.870192] cloud-init[810]: |=.+o. o S        |
[   45.870474] cloud-init[810]: |o*o.   + .       |
[   45.870774] cloud-init[810]: |=E.+  .          |
[   45.871047] cloud-init[810]: |o+=o=            |
[   45.871331] cloud-init[810]: |o+B= .           |
[   45.871617] cloud-init[810]: +----[SHA256]-----+
[   45.871891] cloud-init[810]: Generating public/private ecdsa key pair.
[   45.872330] cloud-init[810]: Your identification has been saved in /etc/ssh/ssh_host_ecdsa_key.
[   45.872603] cloud-init[810]: Your public key has been saved in /etc/ssh/ssh_host_ecdsa_key.pub.
[   45.872887] cloud-init[810]: The key fingerprint is:
[   45.873162] cloud-init[810]: SHA256:AeTeal44MEMtPe70ULd7fWFJm+OXPxLRPjr6b3LQmtc root@ubuntu-bionic
[   45.873445] cloud-init[810]: The key's randomart image is:
[   45.873725] cloud-init[810]: +---[ECDSA 256]---+
[   45.874012] cloud-init[810]: |     .o          |
[   45.874301] cloud-init[810]: |     + .         |
[   45.874580] cloud-init[810]: |    o = o .   .. |
[   45.874861] cloud-init[810]: |   . + + o . ...+|
[   45.875142] cloud-init[810]: |    + = S .   +B |
[0;32m  OK  [0m] Listening on ACPID Listen Socket.
[   45.875286] cloud-init[810]: |     * =   . +o++|
[[   46.027415] cloud-init[810]: |      * o . . Bo=|
[   46.027520] cloud-init[810]: |     o o   . B *E|
[   46.027802] cloud-init[810]: |      .    .o.O.o|
[   46.028227] cloud-init[810]: +----[SHA256]-----+
[   46.028490] cloud-init[810]: Generating public/private ed25519 key pair.
[   46.028773] cloud-init[810]: Your identification has been saved in /etc/ssh/ssh_host_ed25519_key.
[   46.029063] cloud-init[810]: Your public key has been saved in /etc/ssh/ssh_host_ed25519_key.pub.
[   46.029343] cloud-init[810]: The key fingerprint is:
[0;32m  OK  [0m] Started Message of the Day.
[   46.029682] cloud-init[810]: SHA256:ptRWWxMvGXNJ4Vq43R0EtvhsDLieS3loDs+22eKIQVU root@ubuntu-bionic
[   46.056188]          Starting Socket activation for snappy daemon.
[[0;32m  OK  [0m] Listening on D-Bus System Message Bus Socket.
[[0;32m  OK  [0m] Started Discard unused blocks once a week.
cloud-init[810]: The key's randomart image is:
[[0;32m  OK  [0m] Started Daily apt download activities.
[   46.117095] [[0;32m  OK  [0m] Started Daily apt upgrade and clean activities.
[[0;32m  OK  [0m] Listening on Open-iSCSI iscsid Socket.
cloud-init[810]: +--[ED25519 256]--+
[   46.119141] cloud-init[810]: |         E  ++=+ |
[   46.120021] cloud-init[810]: |        . . oX+  |
[   46.120926] cloud-init[810]: |       . ..o*.+. |
[   46.121789] cloud-init[810]: |      .. ..o=B .o|
[   46.122660] cloud-init[810]: |     .. S.. o=. o|
         Starting LXD - unix socket.
[[0;32m  OK  [0m] Started Daily Cleanup of Temporary Directories.
[[0;32m  OK  [0m] Reached target Timers.
[[0;32m  OK  [0m] Started ACPI Events Check.
[   46.128507] cloud-init[[810]: [0;32m  OK  [0m|    .. +. + .    |] 
Reached target Paths.
[[0;32m  OK  [0m] Reached target Network is Online.
[   46.135600] cloud-init[810]: |     ... B .     |
         Starting Availability of block devices...
[   46.176777] [[0;32m  OK  [0m] Reached target Remote File Systems (Pre).
[[0;32m  OK  [0m] Reached target Remote File Systems.
[[0;32m  OK  [0m] Reached target Cloud-config availability.
[[0;32m  OK  [0m] Listening on Socket activation for snappy daemon.
[[0;32m  OK  [0m] Listening on LXD - unix socket.
[[0;32m  OK  [0m] Started Availability of block devices.
[[0;32m  OK  [0m] Reached target Sockets.
[[0;32m  OK  [0m] Reached target Basic System.
cloud-init[810]: |      o Oo=      |
[[0;32m  OK  [0m] Started irqbalance daemon.
[   46.222276] cloud-init[810]: |     . .oOo.     |
         Starting LXD - container startup/shutdown...
[   46.265622] cloud-init[810]: +----[SHA256]-----+
         Starting System Logging Service...
[[0;32m  OK  [0m] Started Regular background program processing daemon.
[[0;32m  OK  [0m] Started D-Bus System Message Bus.
         Starting LSB: automatic crash report generation...
         Starting Permit User Sessions...
[[0;32m  OK  [0m] Started Deferred execution scheduler.
         Starting Accounts Service...
[[0;32m  OK  [0m] Started FUSE filesystem for LXC.
         Starting Snappy daemon...
         Starting Pollinate to seed the pseudo random number generator...
         Starting LSB: Record successful boot for GRUB...
         Starting Login Service...
         Starting Virtualbox guest utils...
         Starting Dispatcher daemon for systemd-networkd...
[[0;32m  OK  [0m] Started System Logging Service.
[[0;32m  OK  [0m] Started Permit User Sessions.
[[0;32m  OK  [0m] Started Login Service.
[[0;32m  OK  [0m] Started Unattended Upgrades Shutdown.
         Starting Authorization Manager...
         Starting Terminate Plymouth Boot Screen...
         Starting Hold until boot process finishes up...
[[0;32m  OK  [0m] Started Terminate Plymouth Boot Screen.
[[0;32m  OK  [0m] Started Hold until boot process finishes up.
[[0;32m  OK  [0m] Started Serial Getty on ttyS0.
         Starting Set console scheme...
[[0;32m  OK  [0m] Started LSB: automatic crash report generation.
[[0;32m  OK  [0m] Started Set console scheme.
[[0;32m  OK  [0m] Created slice system-getty.slice.
[[0;32m  OK  [0m] Started Getty on tty1.
[[0;32m  OK  [0m] Reached target Login Prompts.
[[0;32m  OK  [0m] Started Virtualbox guest utils.
[[0;32m  OK  [0m] Started LSB: Record successful boot for GRUB.
[[0;32m  OK  [0m] Started LXD - container startup/shutdown.
[[0;32m  OK  [0m] Started Authorization Manager.
[[0;32m  OK  [0m] Started Accounts Service.
[[0;32m  OK  [0m] Started Dispatcher daemon for systemd-networkd.
[[0;32m  OK  [0m] Started Snappy daemon.
         Starting Wait until snapd is fully seeded...
[[0;32m  OK  [0m] Started Pollinate to seed the pseudo random number generator.
         Starting OpenBSD Secure Shell server...
[[0;32m  OK  [0m] Started OpenBSD Secure Shell server.
[[0;32m  OK  [0m] Created slice User Slice of vagrant.
         Starting User Manager for UID 1000...
[[0;32m  OK  [0m] Started Session 1 of user vagrant.
[[0;32m  OK  [0m] Started User Manager for UID 1000.
[[0;32m  OK  [0m] Started Wait until snapd is fully seeded.
         Starting Apply the settings specified in cloud-config...
[[0;32m  OK  [0m] Reached target Multi-User System.
[[0;32m  OK  [0m] Reached target Graphical Interface.
         Starting Update UTMP about System Runlevel Changes...
[[0;32m  OK  [0m] Started Update UTMP about System Runlevel Changes.
[   50.754737] cloud-init[1556]: Cloud-init v. 19.2-36-g059d049c-0ubuntu2~18.04.1 running 'modules:config' at Thu, 07 Nov 2019 20:40:02 +0000. Up 49.91 seconds.
[[0;32m  OK  [0m] Started Apply the settings specified in cloud-config.
         Starting Execute cloud user/final scripts...
ci-info: no authorized ssh keys fingerprints found for user ubuntu.
<14>Nov  7 20:40:03 ec2: 
<14>Nov  7 20:40:03 ec2: #############################################################
<14>Nov  7 20:40:03 ec2: -----BEGIN SSH HOST KEY FINGERPRINTS-----
<14>Nov  7 20:40:03 ec2: 1024 SHA256:IxtNhkg/Y8lBlvhMnEmuwqSL0WLNepqnxWsSrPyNKUo root@ubuntu-bionic (DSA)
<14>Nov  7 20:40:03 ec2: 256 SHA256:AeTeal44MEMtPe70ULd7fWFJm+OXPxLRPjr6b3LQmtc root@ubuntu-bionic (ECDSA)
<14>Nov  7 20:40:03 ec2: 256 SHA256:ptRWWxMvGXNJ4Vq43R0EtvhsDLieS3loDs+22eKIQVU root@ubuntu-bionic (ED25519)
<14>Nov  7 20:40:03 ec2: 2048 SHA256:5J6RQQlPAYptyhiaiF+ZcNRB1tIhM/oseqJti8nWQQU root@ubuntu-bionic (RSA)
<14>Nov  7 20:40:03 ec2: -----END SSH HOST KEY FINGERPRINTS-----
<14>Nov  7 20:40:03 ec2: #############################################################
-----BEGIN SSH HOST KEY KEYS-----
ecdsa-sha2-nistp256 AAAAE2VjZHNhLXNoYTItbmlzdHAyNTYAAAAIbmlzdHAyNTYAAABBBFHxBlJ+5lQdkduv70/XMsXktk2V4Nz8z/JliPsNwVaOTTQnxlJJkxEuqt6hDCXOYwMqYfL1AGahYw22qXwpZb4= root@ubuntu-bionic
ssh-ed25519 AAAAC3NzaC1lZDI1NTE5AAAAIJzSsr2tP8Sj8D5OARurE2XjNqsge4pzyXA0qyuEY/rB root@ubuntu-bionic
ssh-rsa AAAAB3NzaC1yc2EAAAADAQABAAABAQDf5QD6l9GhHKseqb1DRNEMtqsWXb6ArfLMsj2MJIj49H2IpHNzod3V9+7ezuCE5DtDU/Jj3XOKVO95g1c7ZxhNmSnGvL9eul6dgWhBtQH0ShwCEbdkXFwMvyLoaX5JBdk0lOqXIyTBGw2mD39+eDTt9KiyCFsG8mXYSzk181mEem3Uq/tIsmk/BmO9HvUVeFtLGRRXM2GIRLijVAQtUX37lA0mg/PY6FTLsblV44vWfzdIku7nH16JZYrVQZ9uLNS+aI+QaxxcEZHUIRFBM6aHawQhbe3Je7jm3Di9rUqF+zHMnLAguNktMRYzy24gKVnRkHCvXm2+DWFKvDDPVGzZ root@ubuntu-bionic
-----END SSH HOST KEY KEYS-----
[   51.465342] cloud-init[1668]: Cloud-init v. 19.2-36-g059d049c-0ubuntu2~18.04.1 running 'modules:final' at Thu, 07 Nov 2019 20:40:03 +0000. Up 51.18 seconds.
[[0;32m  OK  [0m] Started Execute cloud user/final scripts.
[   51.522411] cloud-init[1668]: ci-info: no authorized ssh keys fingerprints found for user ubuntu.
[[0;32m  OK  [0m] Reached target Cloud-init target.
[   51.551371] cloud-init[1668]: Cloud-init v. 19.2-36-g059d049c-0ubuntu2~18.04.1 finished at Thu, 07 Nov 2019 20:40:03 +0000. Datasource DataSourceNoCloud [seed=/dev/sdb][dsmode=net].  Up 51.45 seconds

Ubuntu 18.04.3 LTS ubuntu-bionic ttyS0

ubuntu-bionic login: 